* = ACT ( of misschien $ )
? = HER ( : of # (#!) )
! = SEM ( ; of * )
# = SYM ( ~ )
@ = REF

` = ACT actions
# = HER enigma, thread
$ = SEM smallest unit of meaning, variable
~ = SYM symbolic ambiguity
@ = REF reference 

Deze vijf codes zijn:

ACT
de prohairetische code (naar prohairesis, een term van Aristoteles). De 
proairetische code bepaalt de narratieve structuur en slaat op acties, die het 
verhaal op gang brengen. Een lexia die op deze code slaat, wordt door Barthes 
in S/Z aangegeven met ACT.

HER
de hermeneutische code. De hermeneutische code roept enigma's, vragen op. Ieder 
enigma heeft een thema en een oplossing. De code duikt vaker op in het verhaal: 
om dit enigma te herinneren, mogelijke antwoorden te geven en uiteindelijk naar 
een antwoord te leiden (of de vraag blijft in het gehele verhaal onbeantwoord). 
Ook onderscheidt Barthes meerdere manieren waarop de oplossing van een enigma 
wordt uitgesteld. Als alle, of de overheersende enigma's zijn opgelost, is het 
verhaal afgelopen. Barthes geeft deze code aan met de afkorting HER.

SEM
De seme. De seme is het gebruik van de connotatieve betekenis van een bepaald 
voorwerp, beschrijving van eigenschappen, personage of plaats. "Groot feest" en 
"landgoed" zijn bijvoorbeeld semes voor rijkdom, "lange wimpers" en "rondingen" 
voor vrouwelijkheid. Semes geven de illusie dat een al bestaande realiteit 
wordt gereproduceerd. Barthes geeft deze code aan met de afkorting SEM.

SYM
De symbolische code. De symbolische code geeft het "organiseren van ervaringen" 
door middel van antitheses (tegenstellingen) aan en geeft de plaats aan van 
personages e.d. binnen deze antitheses. De symbolische code gaat dus ook over 
ambiguteit, hoe meerdere tegenstellingen kunnen samenkomen en elkaar 
afwisselen. Deze code wordt aangegeven met SYM.

REF
De culturele of referentiele code. Deze code staat voor de referenties die een 
tekst maakt naar een bepaald kennisgebied. Deze code verleent de tekst een 
morele of wetenschappelijke basis en is afhankelijk van de voorkennis van een 
lezer. Deze code wordt aangegeven met de letters REF.
